[debug] [2023-04-25T19:00:34.587Z] ----------------------------------------------------------------------
[debug] [2023-04-25T19:00:34.596Z] Command:       C:\Program Files\nodejs\node.exe C:\Users\mesaf\AppData\Roaming\npm\node_modules\firebase-tools\lib\bin\firebase.js emulators:start
[debug] [2023-04-25T19:00:34.598Z] CLI Version:   11.28.0
[debug] [2023-04-25T19:00:34.599Z] Platform:      win32
[debug] [2023-04-25T19:00:34.600Z] Node Version:  v18.14.0
[debug] [2023-04-25T19:00:34.605Z] Time:          Tue Apr 25 2023 22:00:34 GMT+0300 (East Africa Time)
[debug] [2023-04-25T19:00:34.607Z] ----------------------------------------------------------------------
[debug] 
[debug] [2023-04-25T19:00:34.628Z] >>> [apiv2][query] GET https://firebase-public.firebaseio.com/cli.json [none]
[debug] [2023-04-25T19:00:35.541Z] > command requires scopes: ["email","openid","https://www.googleapis.com/auth/cloudplatformprojects.readonly","https://www.googleapis.com/auth/firebase","https://www.googleapis.com/auth/cloud-platform"]
[debug] [2023-04-25T19:00:35.542Z] > authorizing via signed-in user (mesafintminwagaw@gmail.com)
[info] i  emulators: Starting emulators: functions, hosting {"metadata":{"emulator":{"name":"hub"},"message":"Starting emulators: functions, hosting"}}
[debug] [2023-04-25T19:00:35.577Z] [logging] Logging Emulator only supports listening on one address (127.0.0.1). Not listening on ::1
[debug] [2023-04-25T19:00:35.578Z] [hosting] Hosting Emulator only supports listening on one address (127.0.0.1). Not listening on ::1
[debug] [2023-04-25T19:00:35.578Z] assigned listening specs for emulators {"user":{"hub":[{"address":"127.0.0.1","family":"IPv4","port":4400},{"address":"::1","family":"IPv6","port":4400}],"ui":[{"address":"127.0.0.1","family":"IPv4","port":4000},{"address":"::1","family":"IPv6","port":4000}],"logging":[{"address":"127.0.0.1","family":"IPv4","port":4500}],"hosting":[{"address":"127.0.0.1","family":"IPv4","port":5000}]},"metadata":{"message":"assigned listening specs for emulators"}}
[debug] [2023-04-25T19:00:35.626Z] [hub] writing locator at C:\Users\mesaf\AppData\Local\Temp\hub-clone-da64e.json
[debug] [2023-04-25T19:00:35.679Z] [functions] Functions Emulator only supports listening on one address (127.0.0.1). Not listening on ::1
[debug] [2023-04-25T19:00:35.679Z] [eventarc] Eventarc Emulator only supports listening on one address (127.0.0.1). Not listening on ::1
[debug] [2023-04-25T19:00:35.680Z] late-assigned ports for functions and eventarc emulators {"user":{"hub":[{"address":"127.0.0.1","family":"IPv4","port":4400},{"address":"::1","family":"IPv6","port":4400}],"ui":[{"address":"127.0.0.1","family":"IPv4","port":4000},{"address":"::1","family":"IPv6","port":4000}],"logging":[{"address":"127.0.0.1","family":"IPv4","port":4500}],"hosting":[{"address":"127.0.0.1","family":"IPv4","port":5000}],"functions":[{"address":"127.0.0.1","family":"IPv4","port":5001}],"eventarc":[{"address":"127.0.0.1","family":"IPv4","port":9299}]},"metadata":{"message":"late-assigned ports for functions and eventarc emulators"}}
[warn] !  functions: The following emulators are not running, calls to these services from the Functions emulator will affect production: auth, firestore, database, pubsub, storage {"metadata":{"emulator":{"name":"functions"},"message":"The following emulators are not running, calls to these services from the Functions emulator will affect production: \u001b[1mauth, firestore, database, pubsub, storage\u001b[22m"}}
[debug] [2023-04-25T19:00:35.752Z] defaultcredentials: writing to file C:\Users\mesaf\AppData\Roaming\firebase\mesafintminwagaw_gmail_com_application_default_credentials.json
[debug] [2023-04-25T19:00:35.780Z] Setting GAC to C:\Users\mesaf\AppData\Roaming\firebase\mesafintminwagaw_gmail_com_application_default_credentials.json {"metadata":{"emulator":{"name":"functions"},"message":"Setting GAC to C:\\Users\\mesaf\\AppData\\Roaming\\firebase\\mesafintminwagaw_gmail_com_application_default_credentials.json"}}
[debug] [2023-04-25T19:00:35.783Z] > refreshing access token with scopes: []
[debug] [2023-04-25T19:00:35.789Z] >>> [apiv2][query] POST https://www.googleapis.com/oauth2/v3/token [none]
[debug] [2023-04-25T19:00:35.789Z] >>> [apiv2][body] POST https://www.googleapis.com/oauth2/v3/token [omitted]
[warn] !  Unable to fetch the CLI MOTD and remote config. 
[debug] [2023-04-25T19:00:46.297Z] Failed to fetch MOTD FirebaseError: Failed to make request to https://firebase-public.firebaseio.com/cli.json
[debug] [2023-04-25T19:00:49.121Z] <<< [apiv2][status] POST https://www.googleapis.com/oauth2/v3/token 200
[debug] [2023-04-25T19:00:49.121Z] <<< [apiv2][body] POST https://www.googleapis.com/oauth2/v3/token [omitted]
[debug] [2023-04-25T19:00:49.320Z] >>> [apiv2][query] GET https://firebase.googleapis.com/v1beta1/projects/clone-da64e/adminSdkConfig [none]
[debug] [2023-04-25T19:00:50.159Z] <<< [apiv2][status] GET https://firebase.googleapis.com/v1beta1/projects/clone-da64e/adminSdkConfig 200
[debug] [2023-04-25T19:00:50.160Z] <<< [apiv2][body] GET https://firebase.googleapis.com/v1beta1/projects/clone-da64e/adminSdkConfig {"projectId":"clone-da64e","storageBucket":"clone-da64e.appspot.com"}
[debug] [2023-04-25T19:00:50.533Z] >>> [apiv2][query] GET https://firebasehosting.googleapis.com/v1beta1/projects/clone-da64e/sites 
[debug] [2023-04-25T19:00:52.697Z] <<< [apiv2][status] GET https://firebasehosting.googleapis.com/v1beta1/projects/clone-da64e/sites 200
[debug] [2023-04-25T19:00:52.698Z] <<< [apiv2][body] GET https://firebasehosting.googleapis.com/v1beta1/projects/clone-da64e/sites {"sites":[{"name":"projects/clone-da64e/sites/clone-da64e","defaultUrl":"https://clone-da64e.web.app","appId":"1:732245226596:web:acdc1bfe8e780a3b59db71","type":"DEFAULT_SITE"}]}
[debug] [2023-04-25T19:00:52.699Z] >>> [apiv2][query] GET https://firebase.googleapis.com/v1beta1/projects/clone-da64e/webApps/1:732245226596:web:acdc1bfe8e780a3b59db71/config [none]
[debug] [2023-04-25T19:00:54.126Z] <<< [apiv2][status] GET https://firebase.googleapis.com/v1beta1/projects/clone-da64e/webApps/1:732245226596:web:acdc1bfe8e780a3b59db71/config 200
[debug] [2023-04-25T19:00:54.126Z] <<< [apiv2][body] GET https://firebase.googleapis.com/v1beta1/projects/clone-da64e/webApps/1:732245226596:web:acdc1bfe8e780a3b59db71/config {"projectId":"clone-da64e","appId":"1:732245226596:web:acdc1bfe8e780a3b59db71","storageBucket":"clone-da64e.appspot.com","apiKey":"AIzaSyCRU8JqDc30jjf9O7Y6YIBGmoGPEtS7CTg","authDomain":"clone-da64e.firebaseapp.com","messagingSenderId":"732245226596"}
[debug] [2023-04-25T19:00:54.192Z] >>> [apiv2][query] GET https://firebase.googleapis.com/v1beta1/projects/clone-da64e [none]
[debug] [2023-04-25T19:00:55.037Z] <<< [apiv2][status] GET https://firebase.googleapis.com/v1beta1/projects/clone-da64e 200
[debug] [2023-04-25T19:00:55.037Z] <<< [apiv2][body] GET https://firebase.googleapis.com/v1beta1/projects/clone-da64e {"projectId":"clone-da64e","projectNumber":"732245226596","displayName":"Amazon-clone","name":"projects/clone-da64e","resources":{"hostingSite":"clone-da64e"},"state":"ACTIVE","etag":"1_2144c5b5-cb77-41a5-b95c-4c28d2090e2d"}
[info] i  hosting[clone-da64e]: Serving hosting files from: build {"metadata":{"emulator":{"name":"hosting"},"message":"Serving hosting files from: \u001b[1mbuild\u001b[22m"}}
[info] +  hosting[clone-da64e]: Local server: http://127.0.0.1:5000 {"metadata":{"emulator":{"name":"hosting"},"message":"Local server: \u001b[4m\u001b[1mhttp://127.0.0.1:5000\u001b[22m\u001b[24m"}}
[debug] [2023-04-25T19:00:55.291Z] Ignoring unsupported arg: auto_download {"metadata":{"emulator":{"name":"ui"},"message":"Ignoring unsupported arg: auto_download"}}
[debug] [2023-04-25T19:00:55.291Z] Ignoring unsupported arg: port {"metadata":{"emulator":{"name":"ui"},"message":"Ignoring unsupported arg: port"}}
[debug] [2023-04-25T19:00:55.291Z] Starting Emulator UI with command {"binary":"node","args":["C:\\Users\\mesaf\\.cache\\firebase\\emulators\\ui-v1.11.5\\server\\server.js"],"optionalArgs":[],"joinArgs":false} {"metadata":{"emulator":{"name":"ui"},"message":"Starting Emulator UI with command {\"binary\":\"node\",\"args\":[\"C:\\\\Users\\\\mesaf\\\\.cache\\\\firebase\\\\emulators\\\\ui-v1.11.5\\\\server\\\\server.js\"],\"optionalArgs\":[],\"joinArgs\":false}"}}
[info] i  ui: Emulator UI logging to ui-debug.log {"metadata":{"emulator":{"name":"ui"},"message":"Emulator UI logging to \u001b[1mui-debug.log\u001b[22m"}}
[debug] [2023-04-25T19:00:58.090Z] Web / API server started at 127.0.0.1:4000
 {"metadata":{"emulator":{"name":"ui"},"message":"Web / API server started at 127.0.0.1:4000\n"}}
[debug] [2023-04-25T19:00:58.090Z] Web / API server started at ::1:4000
 {"metadata":{"emulator":{"name":"ui"},"message":"Web / API server started at ::1:4000\n"}}
[info] i  functions: Watching "C:\Users\mesaf\Desktop\Evangadi\Amazon.com-clone\amazon\functions" for Cloud Functions... {"metadata":{"emulator":{"name":"functions"},"message":"Watching \"C:\\Users\\mesaf\\Desktop\\Evangadi\\Amazon.com-clone\\amazon\\functions\" for Cloud Functions..."}}
[debug] [2023-04-25T19:00:58.225Z] Validating nodejs source
[warn] !  functions: package.json indicates an outdated version of firebase-functions. Please upgrade using npm install --save firebase-functions@latest in your functions directory. 
[debug] [2023-04-25T19:01:02.986Z] > [functions] package.json contents: {
  "name": "functions",
  "description": "Cloud Functions for Firebase",
  "scripts": {
    "lint": "eslint .",
    "serve": "firebase emulators:start --only functions",
    "shell": "firebase functions:shell",
    "start": "npm run shell",
    "deploy": "firebase deploy --only functions",
    "logs": "firebase functions:log"
  },
  "engines": {
    "node": "16"
  },
  "main": "index.js",
  "dependencies": {
    "cors": "^2.8.5",
    "express": "^4.18.2",
    "firebase-admin": "^11.5.0",
    "firebase-functions": "^4.2.0",
    "stripe": "^12.1.1"
  },
  "devDependencies": {
    "eslint": "^8.15.0",
    "eslint-config-google": "^0.14.0",
    "firebase-functions-test": "^3.0.0"
  },
  "private": true
}
[debug] [2023-04-25T19:01:02.986Z] Building nodejs source
[debug] [2023-04-25T19:01:02.987Z] Failed to find version of module node: reached end of search path C:\Users\mesaf\Desktop\Evangadi\Amazon.com-clone\amazon\functions\node_modules
[warn] !  functions: Your requested "node" version "16" doesn't match your global version "18". Using node@18 from host. 
[debug] [2023-04-25T19:01:02.991Z] Could not find functions.yaml. Must use http discovery
[debug] [2023-04-25T19:01:03.036Z] Found firebase-functions binary at 'C:\Users\mesaf\Desktop\Evangadi\Amazon.com-clone\amazon\functions\node_modules\.bin\firebase-functions'
[debug] [2023-04-25T19:01:07.022Z] Serving at port 8294

[debug] [2023-04-25T19:01:09.020Z] [work-queue] {"queuedWork":["/clone-da64e/us-central1/api/payments/create-2023-04-25T19:01:09.020Z"],"queueLength":1,"runningWork":[],"workRunningCount":0}
[debug] [2023-04-25T19:01:09.022Z] [work-queue] {"queuedWork":[],"queueLength":0,"runningWork":["/clone-da64e/us-central1/api/payments/create-2023-04-25T19:01:09.020Z"],"workRunningCount":1}
[debug] [2023-04-25T19:01:09.031Z] [work-queue] {"queuedWork":[],"queueLength":0,"runningWork":[],"workRunningCount":0}
[debug] [2023-04-25T19:01:10.462Z] [work-queue] {"queuedWork":["/clone-da64e/us-central1/api/payments/create-2023-04-25T19:01:10.462Z"],"queueLength":1,"runningWork":[],"workRunningCount":0}
[debug] [2023-04-25T19:01:10.462Z] [work-queue] {"queuedWork":[],"queueLength":0,"runningWork":["/clone-da64e/us-central1/api/payments/create-2023-04-25T19:01:10.462Z"],"workRunningCount":1}
[debug] [2023-04-25T19:01:10.464Z] [work-queue] {"queuedWork":[],"queueLength":0,"runningWork":[],"workRunningCount":0}
[debug] [2023-04-25T19:01:15.152Z] Got response from /__/functions.yaml {"endpoints":{"api":{"platform":"gcfv1","availableMemoryMb":null,"timeoutSeconds":null,"minInstances":null,"maxInstances":null,"ingressSettings":null,"serviceAccountEmail":null,"vpc":null,"httpsTrigger":{},"entryPoint":"api"}},"specVersion":"v1alpha1","requiredAPIs":[]}
[debug] [2023-04-25T19:01:15.174Z] shutdown requested via /__/quitquitquit

[info] +  functions: Loaded functions definitions from source: api. {"metadata":{"emulator":{"name":"functions"},"message":"Loaded functions definitions from source: api."}}
[info] +  functions[us-central1-api]: http function initialized (http://127.0.0.1:5001/clone-da64e/us-central1/api). {"metadata":{"emulator":{"name":"functions"},"message":"\u001b[1mhttp\u001b[22m function initialized (http://127.0.0.1:5001/clone-da64e/us-central1/api)."}}
[info] 
┌─────────────────────────────────────────────────────────────┐
│ ✔  All emulators ready! It is now safe to connect your app. │
│ i  View Emulator UI at http://127.0.0.1:4000/               │
└─────────────────────────────────────────────────────────────┘

┌───────────┬────────────────┬─────────────────────────────────┐
│ Emulator  │ Host:Port      │ View in Emulator UI             │
├───────────┼────────────────┼─────────────────────────────────┤
│ Functions │ 127.0.0.1:5001 │ http://127.0.0.1:4000/functions │
├───────────┼────────────────┼─────────────────────────────────┤
│ Hosting   │ 127.0.0.1:5000 │ n/a                             │
└───────────┴────────────────┴─────────────────────────────────┘
  Emulator Hub running at 127.0.0.1:4400
  Other reserved ports: 4500

Issues? Report them at https://github.com/firebase/firebase-tools/issues and attach the *-debug.log files.
 
[debug] [2023-04-25T19:01:24.940Z] [work-queue] {"queuedWork":["/clone-da64e/us-central1/api/payments/create-2023-04-25T19:01:24.940Z"],"queueLength":1,"runningWork":[],"workRunningCount":0}
[debug] [2023-04-25T19:01:24.940Z] [work-queue] {"queuedWork":[],"queueLength":0,"runningWork":["/clone-da64e/us-central1/api/payments/create-2023-04-25T19:01:24.940Z"],"workRunningCount":1}
[debug] [2023-04-25T19:01:24.941Z] Accepted request POST /clone-da64e/us-central1/api/payments/create?total=127800 --> us-central1-api
[debug] [2023-04-25T19:01:24.954Z] [functions] Runtime ready! Sending request! {"metadata":{"emulator":{"name":"functions"},"message":"[functions] Runtime ready! Sending request!"}}
[debug] [2023-04-25T19:01:24.956Z] [functions] Got req.url=/clone-da64e/us-central1/api/payments/create?total=127800, mapping to path=/payments/create?total=127800 {"metadata":{"emulator":{"name":"functions"},"message":"[functions] Got req.url=/clone-da64e/us-central1/api/payments/create?total=127800, mapping to path=/payments/create?total=127800"}}
[debug] [2023-04-25T19:01:25.000Z] [worker-pool] addWorker(us-central1-api) {"metadata":{"emulator":{"name":"functions"},"message":"[worker-pool] addWorker(us-central1-api)"}}
[debug] [2023-04-25T19:01:25.018Z] [worker-pool] Adding worker with key us-central1-api, total=1 {"metadata":{"emulator":{"name":"functions"},"message":"[worker-pool] Adding worker with key us-central1-api, total=1"}}
[debug] [2023-04-25T19:01:25.023Z] [work-queue] {"queuedWork":["/clone-da64e/us-central1/api/payments/create-2023-04-25T19:01:25.023Z"],"queueLength":1,"runningWork":["/clone-da64e/us-central1/api/payments/create-2023-04-25T19:01:24.940Z"],"workRunningCount":1}
[debug] [2023-04-25T19:01:25.024Z] [work-queue] {"queuedWork":[],"queueLength":0,"runningWork":["/clone-da64e/us-central1/api/payments/create-2023-04-25T19:01:24.940Z","/clone-da64e/us-central1/api/payments/create-2023-04-25T19:01:25.023Z"],"workRunningCount":2}
[debug] [2023-04-25T19:01:25.024Z] Accepted request POST /clone-da64e/us-central1/api/payments/create?total=127800 --> us-central1-api
[debug] [2023-04-25T19:01:25.037Z] [functions] Runtime ready! Sending request! {"metadata":{"emulator":{"name":"functions"},"message":"[functions] Runtime ready! Sending request!"}}
[debug] [2023-04-25T19:01:25.038Z] [functions] Got req.url=/clone-da64e/us-central1/api/payments/create?total=127800, mapping to path=/payments/create?total=127800 {"metadata":{"emulator":{"name":"functions"},"message":"[functions] Got req.url=/clone-da64e/us-central1/api/payments/create?total=127800, mapping to path=/payments/create?total=127800"}}
[debug] [2023-04-25T19:01:25.055Z] [worker-pool] addWorker(us-central1-api) {"metadata":{"emulator":{"name":"functions"},"message":"[worker-pool] addWorker(us-central1-api)"}}
[debug] [2023-04-25T19:01:25.056Z] [worker-pool] Adding worker with key us-central1-api, total=2 {"metadata":{"emulator":{"name":"functions"},"message":"[worker-pool] Adding worker with key us-central1-api, total=2"}}
[debug] [2023-04-25T19:01:33.532Z] [runtime-status] [18204] Resolved module firebase-admin {"declared":true,"installed":true,"version":"11.7.0","resolution":"C:\\Users\\mesaf\\Desktop\\Evangadi\\Amazon.com-clone\\amazon\\functions\\node_modules\\firebase-admin\\lib\\index.js"} {"metadata":{"emulator":{"name":"functions"},"function":{"name":"us-central1-api"},"extension":{},"message":"[runtime-status] [18204] Resolved module firebase-admin {\"declared\":true,\"installed\":true,\"version\":\"11.7.0\",\"resolution\":\"C:\\\\Users\\\\mesaf\\\\Desktop\\\\Evangadi\\\\Amazon.com-clone\\\\amazon\\\\functions\\\\node_modules\\\\firebase-admin\\\\lib\\\\index.js\"}"}}
[debug] [2023-04-25T19:01:33.533Z] [runtime-status] [11124] Resolved module firebase-admin {"declared":true,"installed":true,"version":"11.7.0","resolution":"C:\\Users\\mesaf\\Desktop\\Evangadi\\Amazon.com-clone\\amazon\\functions\\node_modules\\firebase-admin\\lib\\index.js"} {"metadata":{"emulator":{"name":"functions"},"function":{"name":"us-central1-api"},"extension":{},"message":"[runtime-status] [11124] Resolved module firebase-admin {\"declared\":true,\"installed\":true,\"version\":\"11.7.0\",\"resolution\":\"C:\\\\Users\\\\mesaf\\\\Desktop\\\\Evangadi\\\\Amazon.com-clone\\\\amazon\\\\functions\\\\node_modules\\\\firebase-admin\\\\lib\\\\index.js\"}"}}
[debug] [2023-04-25T19:01:33.536Z] [runtime-status] [18204] Resolved module firebase-functions {"declared":true,"installed":true,"version":"4.3.0","resolution":"C:\\Users\\mesaf\\Desktop\\Evangadi\\Amazon.com-clone\\amazon\\functions\\node_modules\\firebase-functions\\lib\\v1\\index.js"} {"metadata":{"emulator":{"name":"functions"},"function":{"name":"us-central1-api"},"extension":{},"message":"[runtime-status] [18204] Resolved module firebase-functions {\"declared\":true,\"installed\":true,\"version\":\"4.3.0\",\"resolution\":\"C:\\\\Users\\\\mesaf\\\\Desktop\\\\Evangadi\\\\Amazon.com-clone\\\\amazon\\\\functions\\\\node_modules\\\\firebase-functions\\\\lib\\\\v1\\\\index.js\"}"}}
[debug] [2023-04-25T19:01:33.537Z] [runtime-status] [18204] Outgoing network have been stubbed. [{"name":"http","status":"mocked"},{"name":"http","status":"mocked"},{"name":"https","status":"mocked"},{"name":"https","status":"mocked"},{"name":"net","status":"mocked"}] {"metadata":{"emulator":{"name":"functions"},"function":{"name":"us-central1-api"},"extension":{},"message":"[runtime-status] [18204] Outgoing network have been stubbed. [{\"name\":\"http\",\"status\":\"mocked\"},{\"name\":\"http\",\"status\":\"mocked\"},{\"name\":\"https\",\"status\":\"mocked\"},{\"name\":\"https\",\"status\":\"mocked\"},{\"name\":\"net\",\"status\":\"mocked\"}]"}}
[debug] [2023-04-25T19:01:33.538Z] [runtime-status] [11124] Resolved module firebase-functions {"declared":true,"installed":true,"version":"4.3.0","resolution":"C:\\Users\\mesaf\\Desktop\\Evangadi\\Amazon.com-clone\\amazon\\functions\\node_modules\\firebase-functions\\lib\\v1\\index.js"} {"metadata":{"emulator":{"name":"functions"},"function":{"name":"us-central1-api"},"extension":{},"message":"[runtime-status] [11124] Resolved module firebase-functions {\"declared\":true,\"installed\":true,\"version\":\"4.3.0\",\"resolution\":\"C:\\\\Users\\\\mesaf\\\\Desktop\\\\Evangadi\\\\Amazon.com-clone\\\\amazon\\\\functions\\\\node_modules\\\\firebase-functions\\\\lib\\\\v1\\\\index.js\"}"}}
[debug] [2023-04-25T19:01:33.539Z] [runtime-status] [11124] Outgoing network have been stubbed. [{"name":"http","status":"mocked"},{"name":"http","status":"mocked"},{"name":"https","status":"mocked"},{"name":"https","status":"mocked"},{"name":"net","status":"mocked"}] {"metadata":{"emulator":{"name":"functions"},"function":{"name":"us-central1-api"},"extension":{},"message":"[runtime-status] [11124] Outgoing network have been stubbed. [{\"name\":\"http\",\"status\":\"mocked\"},{\"name\":\"http\",\"status\":\"mocked\"},{\"name\":\"https\",\"status\":\"mocked\"},{\"name\":\"https\",\"status\":\"mocked\"},{\"name\":\"net\",\"status\":\"mocked\"}]"}}
[debug] [2023-04-25T19:01:33.540Z] [runtime-status] [18204] Resolved module firebase-functions {"declared":true,"installed":true,"version":"4.3.0","resolution":"C:\\Users\\mesaf\\Desktop\\Evangadi\\Amazon.com-clone\\amazon\\functions\\node_modules\\firebase-functions\\lib\\v1\\index.js"} {"metadata":{"emulator":{"name":"functions"},"function":{"name":"us-central1-api"},"extension":{},"message":"[runtime-status] [18204] Resolved module firebase-functions {\"declared\":true,\"installed\":true,\"version\":\"4.3.0\",\"resolution\":\"C:\\\\Users\\\\mesaf\\\\Desktop\\\\Evangadi\\\\Amazon.com-clone\\\\amazon\\\\functions\\\\node_modules\\\\firebase-functions\\\\lib\\\\v1\\\\index.js\"}"}}
[debug] [2023-04-25T19:01:33.543Z] [runtime-status] [11124] Resolved module firebase-functions {"declared":true,"installed":true,"version":"4.3.0","resolution":"C:\\Users\\mesaf\\Desktop\\Evangadi\\Amazon.com-clone\\amazon\\functions\\node_modules\\firebase-functions\\lib\\v1\\index.js"} {"metadata":{"emulator":{"name":"functions"},"function":{"name":"us-central1-api"},"extension":{},"message":"[runtime-status] [11124] Resolved module firebase-functions {\"declared\":true,\"installed\":true,\"version\":\"4.3.0\",\"resolution\":\"C:\\\\Users\\\\mesaf\\\\Desktop\\\\Evangadi\\\\Amazon.com-clone\\\\amazon\\\\functions\\\\node_modules\\\\firebase-functions\\\\lib\\\\v1\\\\index.js\"}"}}
[debug] [2023-04-25T19:01:34.270Z] [runtime-status] [18204] Checked functions.config() {"config":{}} {"metadata":{"emulator":{"name":"functions"},"function":{"name":"us-central1-api"},"extension":{},"message":"[runtime-status] [18204] Checked functions.config() {\"config\":{}}"}}
[debug] [2023-04-25T19:01:34.272Z] [runtime-status] [18204] firebase-functions has been stubbed. {"functionsResolution":{"declared":true,"installed":true,"version":"4.3.0","resolution":"C:\\Users\\mesaf\\Desktop\\Evangadi\\Amazon.com-clone\\amazon\\functions\\node_modules\\firebase-functions\\lib\\v1\\index.js"}} {"metadata":{"emulator":{"name":"functions"},"function":{"name":"us-central1-api"},"extension":{},"message":"[runtime-status] [18204] firebase-functions has been stubbed. {\"functionsResolution\":{\"declared\":true,\"installed\":true,\"version\":\"4.3.0\",\"resolution\":\"C:\\\\Users\\\\mesaf\\\\Desktop\\\\Evangadi\\\\Amazon.com-clone\\\\amazon\\\\functions\\\\node_modules\\\\firebase-functions\\\\lib\\\\v1\\\\index.js\"}}"}}
[debug] [2023-04-25T19:01:34.274Z] [runtime-status] [18204] Resolved module firebase-functions {"declared":true,"installed":true,"version":"4.3.0","resolution":"C:\\Users\\mesaf\\Desktop\\Evangadi\\Amazon.com-clone\\amazon\\functions\\node_modules\\firebase-functions\\lib\\v1\\index.js"} {"metadata":{"emulator":{"name":"functions"},"function":{"name":"us-central1-api"},"extension":{},"message":"[runtime-status] [18204] Resolved module firebase-functions {\"declared\":true,\"installed\":true,\"version\":\"4.3.0\",\"resolution\":\"C:\\\\Users\\\\mesaf\\\\Desktop\\\\Evangadi\\\\Amazon.com-clone\\\\amazon\\\\functions\\\\node_modules\\\\firebase-functions\\\\lib\\\\v1\\\\index.js\"}"}}
[debug] [2023-04-25T19:01:34.278Z] [runtime-status] [18204] Resolved module firebase-admin {"declared":true,"installed":true,"version":"11.7.0","resolution":"C:\\Users\\mesaf\\Desktop\\Evangadi\\Amazon.com-clone\\amazon\\functions\\node_modules\\firebase-admin\\lib\\index.js"} {"metadata":{"emulator":{"name":"functions"},"function":{"name":"us-central1-api"},"extension":{},"message":"[runtime-status] [18204] Resolved module firebase-admin {\"declared\":true,\"installed\":true,\"version\":\"11.7.0\",\"resolution\":\"C:\\\\Users\\\\mesaf\\\\Desktop\\\\Evangadi\\\\Amazon.com-clone\\\\amazon\\\\functions\\\\node_modules\\\\firebase-admin\\\\lib\\\\index.js\"}"}}
[debug] [2023-04-25T19:01:34.286Z] [runtime-status] [11124] Checked functions.config() {"config":{}} {"metadata":{"emulator":{"name":"functions"},"function":{"name":"us-central1-api"},"extension":{},"message":"[runtime-status] [11124] Checked functions.config() {\"config\":{}}"}}
[debug] [2023-04-25T19:01:34.287Z] [runtime-status] [11124] firebase-functions has been stubbed. {"functionsResolution":{"declared":true,"installed":true,"version":"4.3.0","resolution":"C:\\Users\\mesaf\\Desktop\\Evangadi\\Amazon.com-clone\\amazon\\functions\\node_modules\\firebase-functions\\lib\\v1\\index.js"}} {"metadata":{"emulator":{"name":"functions"},"function":{"name":"us-central1-api"},"extension":{},"message":"[runtime-status] [11124] firebase-functions has been stubbed. {\"functionsResolution\":{\"declared\":true,\"installed\":true,\"version\":\"4.3.0\",\"resolution\":\"C:\\\\Users\\\\mesaf\\\\Desktop\\\\Evangadi\\\\Amazon.com-clone\\\\amazon\\\\functions\\\\node_modules\\\\firebase-functions\\\\lib\\\\v1\\\\index.js\"}}"}}
[debug] [2023-04-25T19:01:34.288Z] [runtime-status] [18204] Resolved module firebase-functions {"declared":true,"installed":true,"version":"4.3.0","resolution":"C:\\Users\\mesaf\\Desktop\\Evangadi\\Amazon.com-clone\\amazon\\functions\\node_modules\\firebase-functions\\lib\\v1\\index.js"} {"metadata":{"emulator":{"name":"functions"},"function":{"name":"us-central1-api"},"extension":{},"message":"[runtime-status] [18204] Resolved module firebase-functions {\"declared\":true,\"installed\":true,\"version\":\"4.3.0\",\"resolution\":\"C:\\\\Users\\\\mesaf\\\\Desktop\\\\Evangadi\\\\Amazon.com-clone\\\\amazon\\\\functions\\\\node_modules\\\\firebase-functions\\\\lib\\\\v1\\\\index.js\"}"}}
[debug] [2023-04-25T19:01:34.289Z] [runtime-status] [18204] firebase-admin has been stubbed. {"adminResolution":{"declared":true,"installed":true,"version":"11.7.0","resolution":"C:\\Users\\mesaf\\Desktop\\Evangadi\\Amazon.com-clone\\amazon\\functions\\node_modules\\firebase-admin\\lib\\index.js"}} {"metadata":{"emulator":{"name":"functions"},"function":{"name":"us-central1-api"},"extension":{},"message":"[runtime-status] [18204] firebase-admin has been stubbed. {\"adminResolution\":{\"declared\":true,\"installed\":true,\"version\":\"11.7.0\",\"resolution\":\"C:\\\\Users\\\\mesaf\\\\Desktop\\\\Evangadi\\\\Amazon.com-clone\\\\amazon\\\\functions\\\\node_modules\\\\firebase-admin\\\\lib\\\\index.js\"}}"}}
[debug] [2023-04-25T19:01:34.290Z] [runtime-status] [11124] Resolved module firebase-functions {"declared":true,"installed":true,"version":"4.3.0","resolution":"C:\\Users\\mesaf\\Desktop\\Evangadi\\Amazon.com-clone\\amazon\\functions\\node_modules\\firebase-functions\\lib\\v1\\index.js"} {"metadata":{"emulator":{"name":"functions"},"function":{"name":"us-central1-api"},"extension":{},"message":"[runtime-status] [11124] Resolved module firebase-functions {\"declared\":true,\"installed\":true,\"version\":\"4.3.0\",\"resolution\":\"C:\\\\Users\\\\mesaf\\\\Desktop\\\\Evangadi\\\\Amazon.com-clone\\\\amazon\\\\functions\\\\node_modules\\\\firebase-functions\\\\lib\\\\v1\\\\index.js\"}"}}
[debug] [2023-04-25T19:01:34.294Z] [runtime-status] [11124] Resolved module firebase-admin {"declared":true,"installed":true,"version":"11.7.0","resolution":"C:\\Users\\mesaf\\Desktop\\Evangadi\\Amazon.com-clone\\amazon\\functions\\node_modules\\firebase-admin\\lib\\index.js"} {"metadata":{"emulator":{"name":"functions"},"function":{"name":"us-central1-api"},"extension":{},"message":"[runtime-status] [11124] Resolved module firebase-admin {\"declared\":true,\"installed\":true,\"version\":\"11.7.0\",\"resolution\":\"C:\\\\Users\\\\mesaf\\\\Desktop\\\\Evangadi\\\\Amazon.com-clone\\\\amazon\\\\functions\\\\node_modules\\\\firebase-admin\\\\lib\\\\index.js\"}"}}
[debug] [2023-04-25T19:01:34.301Z] [runtime-status] [11124] Resolved module firebase-functions {"declared":true,"installed":true,"version":"4.3.0","resolution":"C:\\Users\\mesaf\\Desktop\\Evangadi\\Amazon.com-clone\\amazon\\functions\\node_modules\\firebase-functions\\lib\\v1\\index.js"} {"metadata":{"emulator":{"name":"functions"},"function":{"name":"us-central1-api"},"extension":{},"message":"[runtime-status] [11124] Resolved module firebase-functions {\"declared\":true,\"installed\":true,\"version\":\"4.3.0\",\"resolution\":\"C:\\\\Users\\\\mesaf\\\\Desktop\\\\Evangadi\\\\Amazon.com-clone\\\\amazon\\\\functions\\\\node_modules\\\\firebase-functions\\\\lib\\\\v1\\\\index.js\"}"}}
[debug] [2023-04-25T19:01:34.301Z] [runtime-status] [11124] firebase-admin has been stubbed. {"adminResolution":{"declared":true,"installed":true,"version":"11.7.0","resolution":"C:\\Users\\mesaf\\Desktop\\Evangadi\\Amazon.com-clone\\amazon\\functions\\node_modules\\firebase-admin\\lib\\index.js"}} {"metadata":{"emulator":{"name":"functions"},"function":{"name":"us-central1-api"},"extension":{},"message":"[runtime-status] [11124] firebase-admin has been stubbed. {\"adminResolution\":{\"declared\":true,\"installed\":true,\"version\":\"11.7.0\",\"resolution\":\"C:\\\\Users\\\\mesaf\\\\Desktop\\\\Evangadi\\\\Amazon.com-clone\\\\amazon\\\\functions\\\\node_modules\\\\firebase-admin\\\\lib\\\\index.js\"}}"}}
[debug] [2023-04-25T19:01:34.788Z] [runtime-status] [18204] Functions runtime initialized. {"cwd":"C:\\Users\\mesaf\\Desktop\\Evangadi\\Amazon.com-clone\\amazon\\functions","node_version":"18.14.0"} {"metadata":{"emulator":{"name":"functions"},"function":{"name":"us-central1-api"},"extension":{},"message":"[runtime-status] [18204] Functions runtime initialized. {\"cwd\":\"C:\\\\Users\\\\mesaf\\\\Desktop\\\\Evangadi\\\\Amazon.com-clone\\\\amazon\\\\functions\",\"node_version\":\"18.14.0\"}"}}
[debug] [2023-04-25T19:01:34.788Z] [runtime-status] [18204] Listening to port: \\?\pipe\fire_emu_2e822c9c511e84ff {"metadata":{"emulator":{"name":"functions"},"function":{"name":"us-central1-api"},"extension":{},"message":"[runtime-status] [18204] Listening to port: \\\\?\\pipe\\fire_emu_2e822c9c511e84ff"}}
[debug] [2023-04-25T19:01:34.797Z] [runtime-status] [11124] Functions runtime initialized. {"cwd":"C:\\Users\\mesaf\\Desktop\\Evangadi\\Amazon.com-clone\\amazon\\functions","node_version":"18.14.0"} {"metadata":{"emulator":{"name":"functions"},"function":{"name":"us-central1-api"},"extension":{},"message":"[runtime-status] [11124] Functions runtime initialized. {\"cwd\":\"C:\\\\Users\\\\mesaf\\\\Desktop\\\\Evangadi\\\\Amazon.com-clone\\\\amazon\\\\functions\",\"node_version\":\"18.14.0\"}"}}
[debug] [2023-04-25T19:01:34.798Z] [runtime-status] [11124] Listening to port: \\?\pipe\fire_emu_de20fa9f239fc273 {"metadata":{"emulator":{"name":"functions"},"function":{"name":"us-central1-api"},"extension":{},"message":"[runtime-status] [11124] Listening to port: \\\\?\\pipe\\fire_emu_de20fa9f239fc273"}}
[debug] [2023-04-25T19:01:34.827Z] [worker-us-central1-api-a7ae603a-893b-48f1-8e2a-8be3597ea730]: IDLE {"metadata":{"emulator":{"name":"functions"},"function":{"name":"us-central1-api"},"extension":{},"message":"[worker-us-central1-api-a7ae603a-893b-48f1-8e2a-8be3597ea730]: IDLE"}}
[debug] [2023-04-25T19:01:34.827Z] [worker-pool] submitRequest(triggerId=us-central1-api) {"metadata":{"emulator":{"name":"functions"},"message":"[worker-pool] submitRequest(triggerId=us-central1-api)"}}
[info] i  functions: Beginning execution of "us-central1-api" {"metadata":{"emulator":{"name":"functions"},"function":{"name":"us-central1-api"},"extension":{},"message":"Beginning execution of \"us-central1-api\""}}
[debug] [2023-04-25T19:01:34.830Z] [worker-us-central1-api-a7ae603a-893b-48f1-8e2a-8be3597ea730]: BUSY {"metadata":{"emulator":{"name":"functions"},"function":{"name":"us-central1-api"},"extension":{},"message":"[worker-us-central1-api-a7ae603a-893b-48f1-8e2a-8be3597ea730]: BUSY"}}
[debug] [2023-04-25T19:01:34.833Z] [worker-us-central1-api-4a15d0ae-98cc-4f88-b737-0426a461c2c7]: IDLE {"metadata":{"emulator":{"name":"functions"},"function":{"name":"us-central1-api"},"extension":{},"message":"[worker-us-central1-api-4a15d0ae-98cc-4f88-b737-0426a461c2c7]: IDLE"}}
[debug] [2023-04-25T19:01:34.833Z] [worker-pool] submitRequest(triggerId=us-central1-api) {"metadata":{"emulator":{"name":"functions"},"message":"[worker-pool] submitRequest(triggerId=us-central1-api)"}}
[info] i  functions: Beginning execution of "us-central1-api" {"metadata":{"emulator":{"name":"functions"},"function":{"name":"us-central1-api"},"extension":{},"message":"Beginning execution of \"us-central1-api\""}}
[debug] [2023-04-25T19:01:34.835Z] [worker-us-central1-api-4a15d0ae-98cc-4f88-b737-0426a461c2c7]: BUSY {"metadata":{"emulator":{"name":"functions"},"function":{"name":"us-central1-api"},"extension":{},"message":"[worker-us-central1-api-4a15d0ae-98cc-4f88-b737-0426a461c2c7]: BUSY"}}
[info] >  Payment Request Recieved for this amount >>>  127800 {"user":"Payment Request Recieved for this amount >>>  127800","metadata":{"emulator":{"name":"functions"},"function":{"name":"us-central1-api"},"extension":{},"message":"\u001b[90m> \u001b[39m Payment Request Recieved for this amount >>>  127800"}}
[info] >  Payment Request Recieved for this amount >>>  127800 {"user":"Payment Request Recieved for this amount >>>  127800","metadata":{"emulator":{"name":"functions"},"function":{"name":"us-central1-api"},"extension":{},"message":"\u001b[90m> \u001b[39m Payment Request Recieved for this amount >>>  127800"}}
[info] i  functions: Finished "us-central1-api" in 2046.262ms {"metadata":{"emulator":{"name":"functions"},"function":{"name":"us-central1-api"},"extension":{},"message":"Finished \"us-central1-api\" in 2046.262ms"}}
[debug] [2023-04-25T19:01:36.878Z] [worker-us-central1-api-a7ae603a-893b-48f1-8e2a-8be3597ea730]: IDLE {"metadata":{"emulator":{"name":"functions"},"function":{"name":"us-central1-api"},"extension":{},"message":"[worker-us-central1-api-a7ae603a-893b-48f1-8e2a-8be3597ea730]: IDLE"}}
[debug] [2023-04-25T19:01:36.878Z] [work-queue] {"queuedWork":[],"queueLength":0,"runningWork":["/clone-da64e/us-central1/api/payments/create-2023-04-25T19:01:25.023Z"],"workRunningCount":1}
[info] i  functions: Finished "us-central1-api" in 2044.8542ms {"metadata":{"emulator":{"name":"functions"},"function":{"name":"us-central1-api"},"extension":{},"message":"Finished \"us-central1-api\" in 2044.8542ms"}}
[debug] [2023-04-25T19:01:36.882Z] [worker-us-central1-api-4a15d0ae-98cc-4f88-b737-0426a461c2c7]: IDLE {"metadata":{"emulator":{"name":"functions"},"function":{"name":"us-central1-api"},"extension":{},"message":"[worker-us-central1-api-4a15d0ae-98cc-4f88-b737-0426a461c2c7]: IDLE"}}
[debug] [2023-04-25T19:01:36.882Z] [work-queue] {"queuedWork":[],"queueLength":0,"runningWork":[],"workRunningCount":0}
[debug] [2023-04-25T19:03:35.418Z] [work-queue] {"queuedWork":["/clone-da64e/us-central1/api/payments/create-2023-04-25T19:03:35.418Z"],"queueLength":1,"runningWork":[],"workRunningCount":0}
[debug] [2023-04-25T19:03:35.420Z] [work-queue] {"queuedWork":[],"queueLength":0,"runningWork":["/clone-da64e/us-central1/api/payments/create-2023-04-25T19:03:35.418Z"],"workRunningCount":1}
[debug] [2023-04-25T19:03:35.421Z] Accepted request POST /clone-da64e/us-central1/api/payments/create?total=127800 --> us-central1-api
[debug] [2023-04-25T19:03:35.447Z] [functions] Runtime ready! Sending request! {"metadata":{"emulator":{"name":"functions"},"message":"[functions] Runtime ready! Sending request!"}}
[debug] [2023-04-25T19:03:35.449Z] [functions] Got req.url=/clone-da64e/us-central1/api/payments/create?total=127800, mapping to path=/payments/create?total=127800 {"metadata":{"emulator":{"name":"functions"},"message":"[functions] Got req.url=/clone-da64e/us-central1/api/payments/create?total=127800, mapping to path=/payments/create?total=127800"}}
[debug] [2023-04-25T19:03:35.449Z] [worker-pool] submitRequest(triggerId=us-central1-api) {"metadata":{"emulator":{"name":"functions"},"message":"[worker-pool] submitRequest(triggerId=us-central1-api)"}}
[info] i  functions: Beginning execution of "us-central1-api" {"metadata":{"emulator":{"name":"functions"},"function":{"name":"us-central1-api"},"extension":{},"message":"Beginning execution of \"us-central1-api\""}}
[debug] [2023-04-25T19:03:35.451Z] [worker-us-central1-api-a7ae603a-893b-48f1-8e2a-8be3597ea730]: BUSY {"metadata":{"emulator":{"name":"functions"},"function":{"name":"us-central1-api"},"extension":{},"message":"[worker-us-central1-api-a7ae603a-893b-48f1-8e2a-8be3597ea730]: BUSY"}}
[debug] [2023-04-25T19:03:35.454Z] [work-queue] {"queuedWork":["/clone-da64e/us-central1/api/payments/create-2023-04-25T19:03:35.454Z"],"queueLength":1,"runningWork":["/clone-da64e/us-central1/api/payments/create-2023-04-25T19:03:35.418Z"],"workRunningCount":1}
[debug] [2023-04-25T19:03:35.454Z] [work-queue] {"queuedWork":[],"queueLength":0,"runningWork":["/clone-da64e/us-central1/api/payments/create-2023-04-25T19:03:35.418Z","/clone-da64e/us-central1/api/payments/create-2023-04-25T19:03:35.454Z"],"workRunningCount":2}
[debug] [2023-04-25T19:03:35.454Z] Accepted request POST /clone-da64e/us-central1/api/payments/create?total=127800 --> us-central1-api
[debug] [2023-04-25T19:03:35.462Z] [functions] Runtime ready! Sending request! {"metadata":{"emulator":{"name":"functions"},"message":"[functions] Runtime ready! Sending request!"}}
[debug] [2023-04-25T19:03:35.463Z] [functions] Got req.url=/clone-da64e/us-central1/api/payments/create?total=127800, mapping to path=/payments/create?total=127800 {"metadata":{"emulator":{"name":"functions"},"message":"[functions] Got req.url=/clone-da64e/us-central1/api/payments/create?total=127800, mapping to path=/payments/create?total=127800"}}
[debug] [2023-04-25T19:03:35.463Z] [worker-pool] submitRequest(triggerId=us-central1-api) {"metadata":{"emulator":{"name":"functions"},"message":"[worker-pool] submitRequest(triggerId=us-central1-api)"}}
[info] i  functions: Beginning execution of "us-central1-api" {"metadata":{"emulator":{"name":"functions"},"function":{"name":"us-central1-api"},"extension":{},"message":"Beginning execution of \"us-central1-api\""}}
[debug] [2023-04-25T19:03:35.464Z] [worker-us-central1-api-4a15d0ae-98cc-4f88-b737-0426a461c2c7]: BUSY {"metadata":{"emulator":{"name":"functions"},"function":{"name":"us-central1-api"},"extension":{},"message":"[worker-us-central1-api-4a15d0ae-98cc-4f88-b737-0426a461c2c7]: BUSY"}}
[info] >  Payment Request Recieved for this amount >>>  127800 {"user":"Payment Request Recieved for this amount >>>  127800","metadata":{"emulator":{"name":"functions"},"function":{"name":"us-central1-api"},"extension":{},"message":"\u001b[90m> \u001b[39m Payment Request Recieved for this amount >>>  127800"}}
[info] >  Payment Request Recieved for this amount >>>  127800 {"user":"Payment Request Recieved for this amount >>>  127800","metadata":{"emulator":{"name":"functions"},"function":{"name":"us-central1-api"},"extension":{},"message":"\u001b[90m> \u001b[39m Payment Request Recieved for this amount >>>  127800"}}
[info] i  functions: Finished "us-central1-api" in 1021.8615ms {"metadata":{"emulator":{"name":"functions"},"function":{"name":"us-central1-api"},"extension":{},"message":"Finished \"us-central1-api\" in 1021.8615ms"}}
[debug] [2023-04-25T19:03:36.475Z] [worker-us-central1-api-a7ae603a-893b-48f1-8e2a-8be3597ea730]: IDLE {"metadata":{"emulator":{"name":"functions"},"function":{"name":"us-central1-api"},"extension":{},"message":"[worker-us-central1-api-a7ae603a-893b-48f1-8e2a-8be3597ea730]: IDLE"}}
[debug] [2023-04-25T19:03:36.476Z] [work-queue] {"queuedWork":[],"queueLength":0,"runningWork":["/clone-da64e/us-central1/api/payments/create-2023-04-25T19:03:35.454Z"],"workRunningCount":1}
[info] i  functions: Finished "us-central1-api" in 1018.9287ms {"metadata":{"emulator":{"name":"functions"},"function":{"name":"us-central1-api"},"extension":{},"message":"Finished \"us-central1-api\" in 1018.9287ms"}}
[debug] [2023-04-25T19:03:36.485Z] [worker-us-central1-api-4a15d0ae-98cc-4f88-b737-0426a461c2c7]: IDLE {"metadata":{"emulator":{"name":"functions"},"function":{"name":"us-central1-api"},"extension":{},"message":"[worker-us-central1-api-4a15d0ae-98cc-4f88-b737-0426a461c2c7]: IDLE"}}
[debug] [2023-04-25T19:03:36.487Z] [work-queue] {"queuedWork":[],"queueLength":0,"runningWork":[],"workRunningCount":0}
[debug] [2023-04-30T10:00:47.823Z] ----------------------------------------------------------------------
[debug] [2023-04-30T10:00:47.831Z] Command:       C:\Program Files\nodejs\node.exe C:\Users\mesaf\AppData\Roaming\npm\node_modules\firebase-tools\lib\bin\firebase.js emulators:start
[debug] [2023-04-30T10:00:47.833Z] CLI Version:   11.28.0
[debug] [2023-04-30T10:00:47.833Z] Platform:      win32
[debug] [2023-04-30T10:00:47.833Z] Node Version:  v18.14.0
[debug] [2023-04-30T10:00:47.835Z] Time:          Sun Apr 30 2023 13:00:47 GMT+0300 (East Africa Time)
[debug] [2023-04-30T10:00:47.836Z] ----------------------------------------------------------------------
[debug] 
[debug] [2023-04-30T10:00:47.845Z] >>> [apiv2][query] GET https://firebase-public.firebaseio.com/cli.json [none]
[debug] [2023-04-30T10:00:48.248Z] > command requires scopes: ["email","openid","https://www.googleapis.com/auth/cloudplatformprojects.readonly","https://www.googleapis.com/auth/firebase","https://www.googleapis.com/auth/cloud-platform"]
[debug] [2023-04-30T10:00:48.249Z] > authorizing via signed-in user (mesafintminwagaw@gmail.com)
[info] i  emulators: Starting emulators: functions, hosting {"metadata":{"emulator":{"name":"hub"},"message":"Starting emulators: functions, hosting"}}
[debug] [2023-04-30T10:00:48.282Z] [logging] Logging Emulator only supports listening on one address (127.0.0.1). Not listening on ::1
[debug] [2023-04-30T10:00:48.284Z] [hosting] Hosting Emulator only supports listening on one address (127.0.0.1). Not listening on ::1
[debug] [2023-04-30T10:00:48.285Z] assigned listening specs for emulators {"user":{"hub":[{"address":"127.0.0.1","family":"IPv4","port":4400},{"address":"::1","family":"IPv6","port":4400}],"ui":[{"address":"127.0.0.1","family":"IPv4","port":4000},{"address":"::1","family":"IPv6","port":4000}],"logging":[{"address":"127.0.0.1","family":"IPv4","port":4500}],"hosting":[{"address":"127.0.0.1","family":"IPv4","port":5000}]},"metadata":{"message":"assigned listening specs for emulators"}}
[warn] !  emulators: It seems that you are running multiple instances of the emulator suite for project clone-da64e. This may result in unexpected behavior. 
[debug] [2023-04-30T10:00:48.336Z] [hub] writing locator at C:\Users\mesaf\AppData\Local\Temp\hub-clone-da64e.json
[debug] [2023-04-30T10:00:48.394Z] [functions] Functions Emulator only supports listening on one address (127.0.0.1). Not listening on ::1
[debug] [2023-04-30T10:00:48.395Z] [eventarc] Eventarc Emulator only supports listening on one address (127.0.0.1). Not listening on ::1
[debug] [2023-04-30T10:00:48.395Z] late-assigned ports for functions and eventarc emulators {"user":{"hub":[{"address":"127.0.0.1","family":"IPv4","port":4400},{"address":"::1","family":"IPv6","port":4400}],"ui":[{"address":"127.0.0.1","family":"IPv4","port":4000},{"address":"::1","family":"IPv6","port":4000}],"logging":[{"address":"127.0.0.1","family":"IPv4","port":4500}],"hosting":[{"address":"127.0.0.1","family":"IPv4","port":5000}],"functions":[{"address":"127.0.0.1","family":"IPv4","port":5001}],"eventarc":[{"address":"127.0.0.1","family":"IPv4","port":9299}]},"metadata":{"message":"late-assigned ports for functions and eventarc emulators"}}
[warn] !  functions: The following emulators are not running, calls to these services from the Functions emulator will affect production: auth, firestore, database, pubsub, storage {"metadata":{"emulator":{"name":"functions"},"message":"The following emulators are not running, calls to these services from the Functions emulator will affect production: \u001b[1mauth, firestore, database, pubsub, storage\u001b[22m"}}
[debug] [2023-04-30T10:00:48.437Z] defaultcredentials: writing to file C:\Users\mesaf\AppData\Roaming\firebase\mesafintminwagaw_gmail_com_application_default_credentials.json
[debug] [2023-04-30T10:00:48.480Z] Setting GAC to C:\Users\mesaf\AppData\Roaming\firebase\mesafintminwagaw_gmail_com_application_default_credentials.json {"metadata":{"emulator":{"name":"functions"},"message":"Setting GAC to C:\\Users\\mesaf\\AppData\\Roaming\\firebase\\mesafintminwagaw_gmail_com_application_default_credentials.json"}}
[debug] [2023-04-30T10:00:48.483Z] > refreshing access token with scopes: []
[debug] [2023-04-30T10:00:48.486Z] >>> [apiv2][query] POST https://www.googleapis.com/oauth2/v3/token [none]
[debug] [2023-04-30T10:00:48.486Z] >>> [apiv2][body] POST https://www.googleapis.com/oauth2/v3/token [omitted]
[debug] [2023-04-30T10:00:49.046Z] <<< [apiv2][status] POST https://www.googleapis.com/oauth2/v3/token 200
[debug] [2023-04-30T10:00:49.046Z] <<< [apiv2][body] POST https://www.googleapis.com/oauth2/v3/token [omitted]
[debug] [2023-04-30T10:00:49.095Z] >>> [apiv2][query] GET https://firebase.googleapis.com/v1beta1/projects/clone-da64e/adminSdkConfig [none]
[debug] [2023-04-30T10:00:49.162Z] <<< [apiv2][status] GET https://firebase-public.firebaseio.com/cli.json 200
[debug] [2023-04-30T10:00:49.163Z] <<< [apiv2][body] GET https://firebase-public.firebaseio.com/cli.json {"cloudBuildErrorAfter":1594252800000,"cloudBuildWarnAfter":1590019200000,"defaultNode10After":1594252800000,"minVersion":"3.0.5","node8DeploysDisabledAfter":1613390400000,"node8RuntimeDisabledAfter":1615809600000,"node8WarnAfter":1600128000000}
[debug] [2023-04-30T10:00:49.888Z] <<< [apiv2][status] GET https://firebase.googleapis.com/v1beta1/projects/clone-da64e/adminSdkConfig 200
[debug] [2023-04-30T10:00:49.888Z] <<< [apiv2][body] GET https://firebase.googleapis.com/v1beta1/projects/clone-da64e/adminSdkConfig {"projectId":"clone-da64e","storageBucket":"clone-da64e.appspot.com"}
[debug] [2023-04-30T10:00:49.943Z] >>> [apiv2][query] GET https://firebasehosting.googleapis.com/v1beta1/projects/clone-da64e/sites 
[debug] [2023-04-30T10:00:51.948Z] <<< [apiv2][status] GET https://firebasehosting.googleapis.com/v1beta1/projects/clone-da64e/sites 200
[debug] [2023-04-30T10:00:51.949Z] <<< [apiv2][body] GET https://firebasehosting.googleapis.com/v1beta1/projects/clone-da64e/sites {"sites":[{"name":"projects/clone-da64e/sites/clone-da64e","defaultUrl":"https://clone-da64e.web.app","appId":"1:732245226596:web:acdc1bfe8e780a3b59db71","type":"DEFAULT_SITE"}]}
[debug] [2023-04-30T10:00:51.950Z] >>> [apiv2][query] GET https://firebase.googleapis.com/v1beta1/projects/clone-da64e/webApps/1:732245226596:web:acdc1bfe8e780a3b59db71/config [none]
[debug] [2023-04-30T10:00:53.248Z] <<< [apiv2][status] GET https://firebase.googleapis.com/v1beta1/projects/clone-da64e/webApps/1:732245226596:web:acdc1bfe8e780a3b59db71/config 200
[debug] [2023-04-30T10:00:53.250Z] <<< [apiv2][body] GET https://firebase.googleapis.com/v1beta1/projects/clone-da64e/webApps/1:732245226596:web:acdc1bfe8e780a3b59db71/config {"projectId":"clone-da64e","appId":"1:732245226596:web:acdc1bfe8e780a3b59db71","storageBucket":"clone-da64e.appspot.com","apiKey":"AIzaSyCRU8JqDc30jjf9O7Y6YIBGmoGPEtS7CTg","authDomain":"clone-da64e.firebaseapp.com","messagingSenderId":"732245226596"}
[debug] [2023-04-30T10:00:53.344Z] >>> [apiv2][query] GET https://firebase.googleapis.com/v1beta1/projects/clone-da64e [none]
[debug] [2023-04-30T10:00:54.040Z] <<< [apiv2][status] GET https://firebase.googleapis.com/v1beta1/projects/clone-da64e 200
[debug] [2023-04-30T10:00:54.041Z] <<< [apiv2][body] GET https://firebase.googleapis.com/v1beta1/projects/clone-da64e {"projectId":"clone-da64e","projectNumber":"732245226596","displayName":"Amazon-clone","name":"projects/clone-da64e","resources":{"hostingSite":"clone-da64e"},"state":"ACTIVE","etag":"1_98320594-d8cc-43c5-9793-20b6583fdb9a"}
[info] i  hosting[clone-da64e]: Serving hosting files from: build {"metadata":{"emulator":{"name":"hosting"},"message":"Serving hosting files from: \u001b[1mbuild\u001b[22m"}}
[info] +  hosting[clone-da64e]: Local server: http://127.0.0.1:5000 {"metadata":{"emulator":{"name":"hosting"},"message":"Local server: \u001b[4m\u001b[1mhttp://127.0.0.1:5000\u001b[22m\u001b[24m"}}
[debug] [2023-04-30T10:00:54.309Z] Ignoring unsupported arg: auto_download {"metadata":{"emulator":{"name":"ui"},"message":"Ignoring unsupported arg: auto_download"}}
[debug] [2023-04-30T10:00:54.309Z] Ignoring unsupported arg: port {"metadata":{"emulator":{"name":"ui"},"message":"Ignoring unsupported arg: port"}}
[debug] [2023-04-30T10:00:54.309Z] Starting Emulator UI with command {"binary":"node","args":["C:\\Users\\mesaf\\.cache\\firebase\\emulators\\ui-v1.11.5\\server\\server.js"],"optionalArgs":[],"joinArgs":false} {"metadata":{"emulator":{"name":"ui"},"message":"Starting Emulator UI with command {\"binary\":\"node\",\"args\":[\"C:\\\\Users\\\\mesaf\\\\.cache\\\\firebase\\\\emulators\\\\ui-v1.11.5\\\\server\\\\server.js\"],\"optionalArgs\":[],\"joinArgs\":false}"}}
[info] i  ui: Emulator UI logging to ui-debug.log {"metadata":{"emulator":{"name":"ui"},"message":"Emulator UI logging to \u001b[1mui-debug.log\u001b[22m"}}
[debug] [2023-04-30T10:00:54.721Z] Web / API server started at 127.0.0.1:4000
 {"metadata":{"emulator":{"name":"ui"},"message":"Web / API server started at 127.0.0.1:4000\n"}}
[debug] [2023-04-30T10:00:54.722Z] Web / API server started at ::1:4000
 {"metadata":{"emulator":{"name":"ui"},"message":"Web / API server started at ::1:4000\n"}}
[info] i  functions: Watching "C:\Users\mesaf\Desktop\Evangadi\Amazon.com-clone\amazon\functions" for Cloud Functions... {"metadata":{"emulator":{"name":"functions"},"message":"Watching \"C:\\Users\\mesaf\\Desktop\\Evangadi\\Amazon.com-clone\\amazon\\functions\" for Cloud Functions..."}}
[debug] [2023-04-30T10:00:54.880Z] Validating nodejs source
[warn] !  functions: package.json indicates an outdated version of firebase-functions. Please upgrade using npm install --save firebase-functions@latest in your functions directory. 
[debug] [2023-04-30T10:00:58.560Z] > [functions] package.json contents: {
  "name": "functions",
  "description": "Cloud Functions for Firebase",
  "scripts": {
    "lint": "eslint .",
    "serve": "firebase emulators:start --only functions",
    "shell": "firebase functions:shell",
    "start": "npm run shell",
    "deploy": "firebase deploy --only functions",
    "logs": "firebase functions:log"
  },
  "engines": {
    "node": "16"
  },
  "main": "index.js",
  "dependencies": {
    "cors": "^2.8.5",
    "express": "^4.18.2",
    "firebase-admin": "^11.5.0",
    "firebase-functions": "^4.2.0",
    "stripe": "^12.1.1"
  },
  "devDependencies": {
    "eslint": "^8.15.0",
    "eslint-config-google": "^0.14.0",
    "firebase-functions-test": "^3.0.0"
  },
  "private": true
}
[debug] [2023-04-30T10:00:58.560Z] Building nodejs source
[debug] [2023-04-30T10:00:58.561Z] Failed to find version of module node: reached end of search path C:\Users\mesaf\Desktop\Evangadi\Amazon.com-clone\amazon\functions\node_modules
[warn] !  functions: Your requested "node" version "16" doesn't match your global version "18". Using node@18 from host. 
[debug] [2023-04-30T10:00:58.570Z] Could not find functions.yaml. Must use http discovery
[debug] [2023-04-30T10:00:58.617Z] Found firebase-functions binary at 'C:\Users\mesaf\Desktop\Evangadi\Amazon.com-clone\amazon\functions\node_modules\.bin\firebase-functions'
